<?xml version="1.0" encoding="UTF-8"?>
<testsuite name="rewards.internal.restaurant.RestaurantTests" tests="2" skipped="0" failures="0" errors="0" timestamp="2024-07-11T09:42:03" hostname="DESKTOP-6DCSA7S" time="0.003">
  <properties/>
  <testcase name="testCalcuateBenefitFor()" classname="rewards.internal.restaurant.RestaurantTests" time="0.001"/>
  <testcase name="testNoBenefitAvailable()" classname="rewards.internal.restaurant.RestaurantTests" time="0.001"/>
  <system-out><![CDATA[]]></system-out>
  <system-err><![CDATA[]]></system-err>
</testsuite>
