<?xml version="1.0" encoding="UTF-8"?>
<testsuite name="rewards.internal.restaurant.JdbcRestaurantRepositoryTests" tests="2" skipped="0" failures="0" errors="0" timestamp="2024-07-11T09:42:03" hostname="DESKTOP-6DCSA7S" time="0.076">
  <properties/>
  <testcase name="testFindRestaurantByMerchantNumber()" classname="rewards.internal.restaurant.JdbcRestaurantRepositoryTests" time="0.036"/>
  <testcase name="testFindRestaurantByBogusMerchantNumber()" classname="rewards.internal.restaurant.JdbcRestaurantRepositoryTests" time="0.039"/>
  <system-out><![CDATA[]]></system-out>
  <system-err><![CDATA[]]></system-err>
</testsuite>
