<?xml version="1.0" encoding="UTF-8"?>
<testsuite name="rewards.RewardNetworkTests" tests="1" skipped="0" failures="0" errors="0" timestamp="2024-07-11T09:41:56" hostname="DESKTOP-6DCSA7S" time="6.645">
  <properties/>
  <testcase name="testRewardForDining()" classname="rewards.RewardNetworkTests" time="6.645"/>
  <system-out><![CDATA[INFO : o.s.t.c.s.DefaultTestContextBootstrapper - Loaded default TestExecutionListener class names from location [META-INF/spring.factories]: [org.springframework.boot.test.autoconfigure.restdocs.RestDocsTestExecutionListener, org.springframework.boot.test.autoconfigure.web.client.MockRestServiceServerResetTestExecutionListener, org.springframework.boot.test.autoconfigure.web.servlet.MockMvcPrintOnlyOnFailureTestExecutionListener, org.springframework.boot.test.autoconfigure.web.servlet.WebDriverTestExecutionListener, org.springframework.boot.test.autoconfigure.webservices.client.MockWebServiceServerTestExecutionListener, org.springframework.boot.test.mock.mockito.MockitoTestExecutionListener, org.springframework.boot.test.mock.mockito.ResetMocksTestExecutionListener, org.springframework.test.context.web.ServletTestExecutionListener, org.springframework.test.context.support.DirtiesContextBeforeModesTestExecutionListener, org.springframework.test.context.event.ApplicationEventsTestExecutionListener, org.springframework.test.context.support.DependencyInjectionTestExecutionListener, org.springframework.test.context.support.DirtiesContextTestExecutionListener, org.springframework.test.context.transaction.TransactionalTestExecutionListener, org.springframework.test.context.jdbc.SqlScriptsTestExecutionListener, org.springframework.test.context.event.EventPublishingTestExecutionListener]
INFO : o.s.t.c.s.DefaultTestContextBootstrapper - Using TestExecutionListeners: [org.springframework.test.context.support.DirtiesContextBeforeModesTestExecutionListener@13f17eb4, org.springframework.test.context.event.ApplicationEventsTestExecutionListener@1d0d6318, org.springframework.boot.test.mock.mockito.MockitoTestExecutionListener@4bc28c33, org.springframework.test.context.support.DependencyInjectionTestExecutionListener@4409e975, org.springframework.test.context.support.DirtiesContextTestExecutionListener@5c153b9e, org.springframework.test.context.transaction.TransactionalTestExecutionListener@2a7686a7, org.springframework.test.context.jdbc.SqlScriptsTestExecutionListener@758a34ce, org.springframework.test.context.event.EventPublishingTestExecutionListener@7ec3394b, org.springframework.boot.test.autoconfigure.restdocs.RestDocsTestExecutionListener@bff34c6, org.springframework.boot.test.autoconfigure.web.client.MockRestServiceServerResetTestExecutionListener@1522d8a0, org.springframework.boot.test.autoconfigure.web.servlet.MockMvcPrintOnlyOnFailureTestExecutionListener@312ab28e, org.springframework.boot.test.autoconfigure.web.servlet.WebDriverTestExecutionListener@5644dc81, org.springframework.boot.test.autoconfigure.webservices.client.MockWebServiceServerTestExecutionListener@246f8b8b, org.springframework.boot.test.mock.mockito.ResetMocksTestExecutionListener@278bb07e]
]]></system-out>
  <system-err><![CDATA[]]></system-err>
</testsuite>
